40,F,2018-5-23_9:27:56,,24,
40,F,2018-5-23_9:27:55,,23,
40,F,2018-5-23_9:27:55,,22,
40,F,2018-5-23_9:27:54,,21,
40,F,2018-5-23_9:27:53,,20,
40,F,2018-5-23_9:27:51,,19,
40,F,2018-5-23_9:30:24,,18,
40,F,2018-5-23_9:30:24,,17,
40,F,2018-5-23_9:30:24,,16,
40,F,2018-5-23_9:30:23,,15,
40,F,2018-5-23_9:30:22,,14,
40,F,2018-5-23_9:30:22,,13,
40,F,2018-5-23_9:30:22,,12,
40,F,2018-5-23_9:30:22,,11,
40,F,2018-5-23_9:30:21,,10,
40,F,2018-5-23_9:30:21,,9,
40,F,2018-5-23_9:30:21,,8,
40,F,2018-5-23_9:30:21,,7,
40,F,2018-5-23_9:30:20,,6,
40,F,2018-5-23_9:30:20,,5,
40,F,2018-5-23_9:30:17,,4,
40,F,2018-5-23_9:30:15,,3,
40,F,2018-5-23_9:30:12,,2,
40,F,2018-5-23_9:30:12,,1,
40,F,2018-5-23_9:30:12,,0,
17,F,2018-5-23_9:36:34,,35,
17,F,2018-5-23_9:36:34,,34,
17,F,2018-5-23_9:36:31,,33,
17,F,2018-5-23_9:36:31,,32,
17,F,2018-5-23_9:36:23,,31,
17,F,2018-5-23_9:36:23,,30,
17,F,2018-5-23_9:36:20,,29,
17,F,2018-5-23_9:36:20,,28,
17,F,2018-5-23_9:36:12,,27,
17,F,2018-5-23_9:36:12,,26,
17,F,2018-5-23_9:36:8,,25,
17,F,2018-5-23_9:36:8,,24,
17,F,2018-5-23_9:36:0,,23,
17,F,2018-5-23_9:36:0,,22,
17,F,2018-5-23_9:35:57,,21,
17,F,2018-5-23_9:35:57,,20,
17,F,2018-5-23_9:35:49,,19,
17,F,2018-5-23_9:35:49,,18,
17,F,2018-5-23_9:35:46,,17,
17,F,2018-5-23_9:35:46,,16,
17,F,2018-5-23_9:35:38,,15,
17,F,2018-5-23_9:35:38,,14,
17,F,2018-5-23_9:35:34,,13,
17,F,2018-5-23_9:35:34,,12,
17,F,2018-5-23_9:35:26,,11,
17,F,2018-5-23_9:35:26,,10,
17,F,2018-5-23_9:35:23,,9,
17,F,2018-5-23_9:35:23,,8,
17,F,2018-5-23_9:32:26,,7,
17,F,2018-5-23_9:32:26,,6,
17,F,2018-5-23_9:32:22,,5,
17,F,2018-5-23_9:32:22,,4,
17,F,2018-5-23_9:32:14,,3,
17,F,2018-5-23_9:32:14,,2,
17,F,2018-5-23_9:32:11,,1,
17,F,2018-5-23_9:32:11,,0,
