[MRX-T4]
[section]
[type,coord,para,di,do,x,y,z,w,h,v,a,comment]
PA,base,,0,0,0,0,0,0,0,200,10,
PA,base,,0,0,0,0,0,0,0,200,10,
PA,base,,0,0,0,0,0,0,0,200,10,
PA,base,,0,0,0,0,0,0,0,200,10,
PA,base,,0,0,0,0,0,0,0,200,10,
PA,base,,0,0,0,0,0,0,0,200,10,
PA,base,,0,0,0,0,0,0,0,200,10,
PA,base,,0,0,0,0,0,0,0,200,10,
PA,base,,0,0,0,0,0,0,0,200,10,
PA,base,,0,0,0,0,0,0,0,200,10,
PA,base,,0,0,0,0,0,0,0,200,10,
PA,base,,0,0,0,0,0,0,0,200,10,
PA,base,,0,0,0,0,0,0,0,200,10,
PA,base,,0,0,0,0,0,0,0,200,10,
PA,base,,0,0,0,0,0,0,0,200,10,
PA,base,,0,0,0,0,0,0,0,200,10,
PA,base,,0,0,0,0,0,0,0,200,10,
PA,base,,0,0,0,0,0,0,0,200,10,
PA,base,,0,0,0,0,0,0,0,200,10,
PA,base,,0,0,0,0,0,0,0,200,10,
PA,base,,0,0,0,0,0,0,0,200,10,
PA,base,,0,0,0,0,0,0,0,200,10,
PA,base,,0,0,0,0,0,0,0,200,10,
PA,base,,0,0,0,0,0,0,0,200,10,
PA,base,,0,0,0,0,0,0,0,200,10,
PA,base,,0,0,0,0,0,0,0,200,10,
PA,base,,0,0,0,0,0,0,0,200,10,
PA,base,,0,0,0,0,0,0,0,200,10,
PA,base,,0,0,0,0,0,0,0,200,10,
PA,base,,0,0,0,0,0,0,0,200,10,
PA,base,,0,0,0,0,0,0,0,200,10,
