[MRX-T4]
[section]
[id,type,coord,para,di,do,x,y,z,w,h,v,mode,delay,comment]
1,PA,base,,0,0,250,0,512,0,0,20,0,0,
1,PA,base,,0,0,250,0,512,1,0,20,0,0,
1,PA,base,,0,0,250,0,512,1,1,20,0,0,
1,PA,base,,0,0,250,0,512,1,2,20,0,0,
[section]
[id,type,coord,para,di,do,x,y,z,w,h,v,mode,delay,comment]
2,PA,base,,0,0,250,0,512,2,0,20,0,0,
2,PA,base,,0,0,250,0,512,3,0,20,0,0,
[section]
[id,type,coord,para,di,do,x,y,z,w,h,v,mode,delay,comment]
3,PA,base,,0,0,250,0,512,4,0,20,0,0,
3,PA,base,,0,0,250,0,512,5,0,20,0,0,
[section]
[id,type,coord,para,di,do,x,y,z,w,h,v,mode,delay,comment]
4,PA,base,,0,0,250,0,512,6,0,20,0,0,
4,PA,base,,0,0,250,0,512,7,0,20,0,0,
[section]
[id,type,coord,para,di,do,x,y,z,w,h,v,mode,delay,comment]
5,PA,base,,0,0,250,0,512,8,0,20,0,0,
5,PA,base,,0,0,250,0,512,9,0,20,0,0,
[section]
[id,type,coord,para,di,do,x,y,z,w,h,v,mode,delay,comment]
6,PA,base,,0,0,250,0,512,10,0,20,0,0,
6,PA,base,,0,0,250,0,512,11,0,20,0,0,
[section]
[id,type,coord,para,di,do,x,y,z,w,h,v,mode,delay,comment]
7,PA,base,,0,0,250,0,512,12,0,20,0,0,
7,PA,base,,0,0,250,0,512,13,0,20,0,0,
[section]
[id,type,coord,para,di,do,x,y,z,w,h,v,mode,delay,comment]
8,PA,base,,0,0,250,0,512,14,0,20,0,0,
8,PA,base,,0,0,250,0,512,15,0,20,0,0,
[section]
[id,type,coord,para,di,do,x,y,z,w,h,v,mode,delay,comment]
9,PA,base,,0,0,250,0,512,16,0,20,0,0,
9,PA,base,,0,0,250,0,512,17,0,20,0,0,
[section]
[id,type,coord,para,di,do,x,y,z,w,h,v,mode,delay,comment]
10,PA,base,,0,0,250,0,512,18,0,20,0,0,
10,PA,base,,0,0,250,0,512,19,0,20,0,0,
[section]
[id,type,coord,para,di,do,x,y,z,w,h,v,mode,delay,comment]
11,PA,base,,0,0,250,0,512,20,0,20,0,0,
11,PA,base,,0,0,250,0,512,21,0,20,0,0,
[section]
[id,type,coord,para,di,do,x,y,z,w,h,v,mode,delay,comment]
12,PA,base,,0,0,250,0,512,22,0,20,0,0,
12,PA,base,,0,0,250,0,512,23,0,20,0,0,
[section]
[id,type,coord,para,di,do,x,y,z,w,h,v,mode,delay,comment]
13,PA,base,,0,0,250,0,512,24,0,20,0,0,
13,PA,base,,0,0,250,0,512,25,0,20,0,0,
[section]
[id,type,coord,para,di,do,x,y,z,w,h,v,mode,delay,comment]
14,PA,base,,0,0,250,0,512,26,0,20,0,0,
14,PA,base,,0,0,250,0,512,27,0,20,0,0,
[section]
[id,type,coord,para,di,do,x,y,z,w,h,v,mode,delay,comment]
15,PA,base,,0,0,250,0,512,28,0,20,0,0,
15,PA,base,,0,0,250,0,512,29,0,20,0,0,
[section]
[id,type,coord,para,di,do,x,y,z,w,h,v,mode,delay,comment]
16,PA,base,,0,0,250,0,512,30,0,20,0,0,
16,PA,base,,0,0,250,0,512,31,0,20,0,0,
[section]
[id,type,coord,para,di,do,x,y,z,w,h,v,mode,delay,comment]
17,PA,base,,0,0,250,0,512,32,0,20,0,0,
17,PA,base,,0,0,250,0,512,33,0,20,0,0,
[section]
[id,type,coord,para,di,do,x,y,z,w,h,v,mode,delay,comment]
18,PA,base,,0,0,250,0,512,34,0,20,0,0,
18,PA,base,,0,0,250,0,512,35,0,20,0,0,
[section]
[id,type,coord,para,di,do,x,y,z,w,h,v,mode,delay,comment]
19,PA,base,,0,0,250,0,512,36,0,20,0,0,
19,PA,base,,0,0,250,0,512,37,0,20,0,0,
[section]
[id,type,coord,para,di,do,x,y,z,w,h,v,mode,delay,comment]
20,PA,base,,0,0,250,0,512,38,0,20,0,0,
20,PA,base,,0,0,250,0,512,39,0,20,0,0,
[section]
[id,type,coord,para,di,do,x,y,z,w,h,v,mode,delay,comment]
21,PA,base,,0,0,250,0,512,40,0,20,0,0,
21,PA,base,,0,0,250,0,512,41,0,20,0,0,
[section]
[id,type,coord,para,di,do,x,y,z,w,h,v,mode,delay,comment]
22,PA,base,,0,0,250,0,512,42,0,20,0,0,
22,PA,base,,0,0,250,0,512,43,0,20,0,0,
[section]
[id,type,coord,para,di,do,x,y,z,w,h,v,mode,delay,comment]
23,PA,base,,0,0,250,0,512,44,0,20,0,0,
23,PA,base,,0,0,250,0,512,45,0,20,0,0,
[section]
[id,type,coord,para,di,do,x,y,z,w,h,v,mode,delay,comment]
24,PA,base,,0,0,250,0,512,46,0,20,0,0,
24,PA,base,,0,0,250,0,512,47,0,20,0,0,
[section]
[id,type,coord,para,di,do,x,y,z,w,h,v,mode,delay,comment]
25,PA,base,,0,0,250,0,512,48,0,20,0,0,
25,PA,base,,0,0,250,0,512,49,0,20,0,0,
[section]
[id,type,coord,para,di,do,x,y,z,w,h,v,mode,delay,comment]
26,PA,base,,0,0,250,0,512,50,0,20,0,0,
26,PA,base,,0,0,250,0,512,51,0,20,0,0,
[section]
[id,type,coord,para,di,do,x,y,z,w,h,v,mode,delay,comment]
27,PA,base,,0,0,250,0,512,52,0,20,0,0,
27,PA,base,,0,0,250,0,512,53,0,20,0,0,
[section]
[id,type,coord,para,di,do,x,y,z,w,h,v,mode,delay,comment]
28,PA,base,,0,0,250,0,512,54,0,20,0,0,
28,PA,base,,0,0,250,0,512,55,0,20,0,0,
[section]
[id,type,coord,para,di,do,x,y,z,w,h,v,mode,delay,comment]
29,PA,base,,0,0,250,0,512,56,0,20,0,0,
29,PA,base,,0,0,250,0,512,57,0,20,0,0,
[section]
[id,type,coord,para,di,do,x,y,z,w,h,v,mode,delay,comment]
30,PA,base,,0,0,250,0,512,58,0,20,0,0,
30,PA,base,,0,0,250,0,512,59,0,20,0,0,
[section]
[id,type,coord,para,di,do,x,y,z,w,h,v,mode,delay,comment]
31,PA,base,,0,0,250,0,512,60,0,20,0,0,
31,PA,base,,0,0,250,0,512,61,0,20,0,0,
