[MRX-H2-M]
[section]
[type,x,y,v,a,comment]
      pa,      10,     100,     100,      20,        
      pa,      20,     100,     100,      20,        
      pa,      30,     100,     100,      20,        
      pa,      40,     100,     100,      20,        
      pa,      50,     100,     100,      20,        
      pa,      60,     100,     100,      20,        
      pa,      70,     100,     100,      20,        
      pa,      80,     100,     100,      20,        
      pa,      90,     100,     100,      20,        
      pa,     100,     100,     100,      20,        
      pa,     110,     200,     100,      20,        
      pa,     120,     200,     100,      20,        
      pa,     130,     200,     100,      20,        
      pa,     140,     200,     100,      20,        
      pa,     150,     200,     100,      20,        
      pa,     160,     200,     100,      20,        
      pa,     170,     200,     100,      20,        
      pa,     180,     200,     100,      20,        
      pa,     190,     200,     100,      20,        
      pa,     200,     200,     100,      20,        
      pa,     210,     300,     100,      20,        
      pa,     220,     300,     100,      20,        
      pa,     230,     300,     100,      20,        
      pa,     240,     300,     100,      20,        
      pa,     250,     300,     100,      20,        
      pa,     260,     300,     100,      20,        
      pa,     270,     300,     100,      20,        
      pa,     280,     300,     100,      20,        
      pa,     290,     300,     100,      20,        
      pa,     300,     300,     100,      20,        
      pa,     310,     100,     100,      20,        
